[2025-03-19 00:15:07] 13 of 54 replacements made.
Missing placeholders:
  - {{background-image: url('{{hero_background_image}}'}}
  - {{background-image: url('{{hero_background_image}}')}}
  - {{background-image: url('{{story_first_meeting_image}}'}}
  - {{background-image: url('{{story_first_meeting_image}}')}}
  - {{background-image: url('{{story_proposal_image}}'}}
  - {{background-image: url('{{story_proposal_image}}')}}
  - {{date_date_text}}
  - {{date_time_text}}
  - {{date_title}}
  - {{date_venue_address1}}
  - {{date_venue_address2}}
  - {{date_venue_name}}
  - {{events_engagement_image}}
  - {{events_engagement_time}}
  - {{events_engagement_title}}
  - {{events_title}}
  - {{events_traditional_image}}
  - {{events_traditional_time}}
  - {{events_traditional_title}}
  - {{events_wedding_image}}
  - {{events_wedding_time}}
  - {{events_wedding_title}}
  - {{footer_copyright}}
  - {{footer_facebook_link}}
  - {{footer_instagram_link}}
  - {{footer_signature}}
  - {{footer_twitter_link}}
  - {{gallery_caption1}}
  - {{gallery_caption2}}
  - {{gallery_caption3}}
  - {{gallery_caption4}}
  - {{gallery_image1}}
  - {{gallery_image2}}
  - {{gallery_image3}}
  - {{gallery_image4}}
  - {{gallery_title}}
  - {{hero_background_image}}
  - {{hero_subtitle}}
  - {{hero_title}}
  - {{hero_wedding_date}}
  - {{map_directions_link}}
  - {{map_map_embed}}
  - {{map_title}}
  - {{map_venue_address}}
  - {{map_venue_name}}
  - {{rsvp_background_image}}
  - {{rsvp_title}}
  - {{story_first_meeting_image}}
  - {{story_first_meeting_text}}
  - {{story_first_meeting_title}}
  - {{story_proposal_image}}
  - {{story_proposal_text}}
  - {{story_proposal_title}}
  - {{story_title}}
[2025-03-19 00:18:24] 13 of 54 replacements made.
Missing placeholders:
  - {{background-image: url('{{hero_background_image}}'}}
  - {{background-image: url('{{hero_background_image}}')}}
  - {{background-image: url('{{story_first_meeting_image}}'}}
  - {{background-image: url('{{story_first_meeting_image}}')}}
  - {{background-image: url('{{story_proposal_image}}'}}
  - {{background-image: url('{{story_proposal_image}}')}}
  - {{date_date_text}}
  - {{date_time_text}}
  - {{date_title}}
  - {{date_venue_address1}}
  - {{date_venue_address2}}
  - {{date_venue_name}}
  - {{events_engagement_image}}
  - {{events_engagement_time}}
  - {{events_engagement_title}}
  - {{events_title}}
  - {{events_traditional_image}}
  - {{events_traditional_time}}
  - {{events_traditional_title}}
  - {{events_wedding_image}}
  - {{events_wedding_time}}
  - {{events_wedding_title}}
  - {{footer_copyright}}
  - {{footer_facebook_link}}
  - {{footer_instagram_link}}
  - {{footer_signature}}
  - {{footer_twitter_link}}
  - {{gallery_caption1}}
  - {{gallery_caption2}}
  - {{gallery_caption3}}
  - {{gallery_caption4}}
  - {{gallery_image1}}
  - {{gallery_image2}}
  - {{gallery_image3}}
  - {{gallery_image4}}
  - {{gallery_title}}
  - {{hero_background_image}}
  - {{hero_subtitle}}
  - {{hero_title}}
  - {{hero_wedding_date}}
  - {{map_directions_link}}
  - {{map_map_embed}}
  - {{map_title}}
  - {{map_venue_address}}
  - {{map_venue_name}}
  - {{rsvp_background_image}}
  - {{rsvp_title}}
  - {{story_first_meeting_image}}
  - {{story_first_meeting_text}}
  - {{story_first_meeting_title}}
  - {{story_proposal_image}}
  - {{story_proposal_text}}
  - {{story_proposal_title}}
  - {{story_title}}
[2025-03-19 00:23:51] 13 of 54 replacements made.
Missing placeholders:
  - {{background-image: url('{{hero_background_image}}'}}
  - {{background-image: url('{{hero_background_image}}')}}
  - {{background-image: url('{{story_first_meeting_image}}'}}
  - {{background-image: url('{{story_first_meeting_image}}')}}
  - {{background-image: url('{{story_proposal_image}}'}}
  - {{background-image: url('{{story_proposal_image}}')}}
  - {{date_date_text}}
  - {{date_time_text}}
  - {{date_title}}
  - {{date_venue_address1}}
  - {{date_venue_address2}}
  - {{date_venue_name}}
  - {{events_engagement_image}}
  - {{events_engagement_time}}
  - {{events_engagement_title}}
  - {{events_title}}
  - {{events_traditional_image}}
  - {{events_traditional_time}}
  - {{events_traditional_title}}
  - {{events_wedding_image}}
  - {{events_wedding_time}}
  - {{events_wedding_title}}
  - {{footer_copyright}}
  - {{footer_facebook_link}}
  - {{footer_instagram_link}}
  - {{footer_signature}}
  - {{footer_twitter_link}}
  - {{gallery_caption1}}
  - {{gallery_caption2}}
  - {{gallery_caption3}}
  - {{gallery_caption4}}
  - {{gallery_image1}}
  - {{gallery_image2}}
  - {{gallery_image3}}
  - {{gallery_image4}}
  - {{gallery_title}}
  - {{hero_background_image}}
  - {{hero_subtitle}}
  - {{hero_title}}
  - {{hero_wedding_date}}
  - {{map_directions_link}}
  - {{map_map_embed}}
  - {{map_title}}
  - {{map_venue_address}}
  - {{map_venue_name}}
  - {{rsvp_background_image}}
  - {{rsvp_title}}
  - {{story_first_meeting_image}}
  - {{story_first_meeting_text}}
  - {{story_first_meeting_title}}
  - {{story_proposal_image}}
  - {{story_proposal_text}}
  - {{story_proposal_title}}
  - {{story_title}}
[2025-03-19 00:24:46] 13 of 54 replacements made.
Missing placeholders:
  - {{background-image: url('{{hero_background_image}}'}}
  - {{background-image: url('{{hero_background_image}}')}}
  - {{background-image: url('{{story_first_meeting_image}}'}}
  - {{background-image: url('{{story_first_meeting_image}}')}}
  - {{background-image: url('{{story_proposal_image}}'}}
  - {{background-image: url('{{story_proposal_image}}')}}
  - {{date_date_text}}
  - {{date_time_text}}
  - {{date_title}}
  - {{date_venue_address1}}
  - {{date_venue_address2}}
  - {{date_venue_name}}
  - {{events_engagement_image}}
  - {{events_engagement_time}}
  - {{events_engagement_title}}
  - {{events_title}}
  - {{events_traditional_image}}
  - {{events_traditional_time}}
  - {{events_traditional_title}}
  - {{events_wedding_image}}
  - {{events_wedding_time}}
  - {{events_wedding_title}}
  - {{footer_copyright}}
  - {{footer_facebook_link}}
  - {{footer_instagram_link}}
  - {{footer_signature}}
  - {{footer_twitter_link}}
  - {{gallery_caption1}}
  - {{gallery_caption2}}
  - {{gallery_caption3}}
  - {{gallery_caption4}}
  - {{gallery_image1}}
  - {{gallery_image2}}
  - {{gallery_image3}}
  - {{gallery_image4}}
  - {{gallery_title}}
  - {{hero_background_image}}
  - {{hero_subtitle}}
  - {{hero_title}}
  - {{hero_wedding_date}}
  - {{map_directions_link}}
  - {{map_map_embed}}
  - {{map_title}}
  - {{map_venue_address}}
  - {{map_venue_name}}
  - {{rsvp_background_image}}
  - {{rsvp_title}}
  - {{story_first_meeting_image}}
  - {{story_first_meeting_text}}
  - {{story_first_meeting_title}}
  - {{story_proposal_image}}
  - {{story_proposal_text}}
  - {{story_proposal_title}}
  - {{story_title}}
[2025-03-19 00:24:54] 13 of 54 replacements made.
Missing placeholders:
  - {{background-image: url('{{hero_background_image}}'}}
  - {{background-image: url('{{hero_background_image}}')}}
  - {{background-image: url('{{story_first_meeting_image}}'}}
  - {{background-image: url('{{story_first_meeting_image}}')}}
  - {{background-image: url('{{story_proposal_image}}'}}
  - {{background-image: url('{{story_proposal_image}}')}}
  - {{date_date_text}}
  - {{date_time_text}}
  - {{date_title}}
  - {{date_venue_address1}}
  - {{date_venue_address2}}
  - {{date_venue_name}}
  - {{events_engagement_image}}
  - {{events_engagement_time}}
  - {{events_engagement_title}}
  - {{events_title}}
  - {{events_traditional_image}}
  - {{events_traditional_time}}
  - {{events_traditional_title}}
  - {{events_wedding_image}}
  - {{events_wedding_time}}
  - {{events_wedding_title}}
  - {{footer_copyright}}
  - {{footer_facebook_link}}
  - {{footer_instagram_link}}
  - {{footer_signature}}
  - {{footer_twitter_link}}
  - {{gallery_caption1}}
  - {{gallery_caption2}}
  - {{gallery_caption3}}
  - {{gallery_caption4}}
  - {{gallery_image1}}
  - {{gallery_image2}}
  - {{gallery_image3}}
  - {{gallery_image4}}
  - {{gallery_title}}
  - {{hero_background_image}}
  - {{hero_subtitle}}
  - {{hero_title}}
  - {{hero_wedding_date}}
  - {{map_directions_link}}
  - {{map_map_embed}}
  - {{map_title}}
  - {{map_venue_address}}
  - {{map_venue_name}}
  - {{rsvp_background_image}}
  - {{rsvp_title}}
  - {{story_first_meeting_image}}
  - {{story_first_meeting_text}}
  - {{story_first_meeting_title}}
  - {{story_proposal_image}}
  - {{story_proposal_text}}
  - {{story_proposal_title}}
  - {{story_title}}
[2025-03-19 00:24:55] 13 of 54 replacements made.
Missing placeholders:
  - {{background-image: url('{{hero_background_image}}'}}
  - {{background-image: url('{{hero_background_image}}')}}
  - {{background-image: url('{{story_first_meeting_image}}'}}
  - {{background-image: url('{{story_first_meeting_image}}')}}
  - {{background-image: url('{{story_proposal_image}}'}}
  - {{background-image: url('{{story_proposal_image}}')}}
  - {{date_date_text}}
  - {{date_time_text}}
  - {{date_title}}
  - {{date_venue_address1}}
  - {{date_venue_address2}}
  - {{date_venue_name}}
  - {{events_engagement_image}}
  - {{events_engagement_time}}
  - {{events_engagement_title}}
  - {{events_title}}
  - {{events_traditional_image}}
  - {{events_traditional_time}}
  - {{events_traditional_title}}
  - {{events_wedding_image}}
  - {{events_wedding_time}}
  - {{events_wedding_title}}
  - {{footer_copyright}}
  - {{footer_facebook_link}}
  - {{footer_instagram_link}}
  - {{footer_signature}}
  - {{footer_twitter_link}}
  - {{gallery_caption1}}
  - {{gallery_caption2}}
  - {{gallery_caption3}}
  - {{gallery_caption4}}
  - {{gallery_image1}}
  - {{gallery_image2}}
  - {{gallery_image3}}
  - {{gallery_image4}}
  - {{gallery_title}}
  - {{hero_background_image}}
  - {{hero_subtitle}}
  - {{hero_title}}
  - {{hero_wedding_date}}
  - {{map_directions_link}}
  - {{map_map_embed}}
  - {{map_title}}
  - {{map_venue_address}}
  - {{map_venue_name}}
  - {{rsvp_background_image}}
  - {{rsvp_title}}
  - {{story_first_meeting_image}}
  - {{story_first_meeting_text}}
  - {{story_first_meeting_title}}
  - {{story_proposal_image}}
  - {{story_proposal_text}}
  - {{story_proposal_title}}
  - {{story_title}}
[2025-03-19 00:25:08] 13 of 54 replacements made.
Missing placeholders:
  - {{background-image: url('{{hero_background_image}}'}}
  - {{background-image: url('{{hero_background_image}}')}}
  - {{background-image: url('{{story_first_meeting_image}}'}}
  - {{background-image: url('{{story_first_meeting_image}}')}}
  - {{background-image: url('{{story_proposal_image}}'}}
  - {{background-image: url('{{story_proposal_image}}')}}
  - {{date_date_text}}
  - {{date_time_text}}
  - {{date_title}}
  - {{date_venue_address1}}
  - {{date_venue_address2}}
  - {{date_venue_name}}
  - {{events_engagement_image}}
  - {{events_engagement_time}}
  - {{events_engagement_title}}
  - {{events_title}}
  - {{events_traditional_image}}
  - {{events_traditional_time}}
  - {{events_traditional_title}}
  - {{events_wedding_image}}
  - {{events_wedding_time}}
  - {{events_wedding_title}}
  - {{footer_copyright}}
  - {{footer_facebook_link}}
  - {{footer_instagram_link}}
  - {{footer_signature}}
  - {{footer_twitter_link}}
  - {{gallery_caption1}}
  - {{gallery_caption2}}
  - {{gallery_caption3}}
  - {{gallery_caption4}}
  - {{gallery_image1}}
  - {{gallery_image2}}
  - {{gallery_image3}}
  - {{gallery_image4}}
  - {{gallery_title}}
  - {{hero_background_image}}
  - {{hero_subtitle}}
  - {{hero_title}}
  - {{hero_wedding_date}}
  - {{map_directions_link}}
  - {{map_map_embed}}
  - {{map_title}}
  - {{map_venue_address}}
  - {{map_venue_name}}
  - {{rsvp_background_image}}
  - {{rsvp_title}}
  - {{story_first_meeting_image}}
  - {{story_first_meeting_text}}
  - {{story_first_meeting_title}}
  - {{story_proposal_image}}
  - {{story_proposal_text}}
  - {{story_proposal_title}}
  - {{story_title}}
[2025-03-19 00:25:20] 13 of 54 replacements made.
Missing placeholders:
  - {{background-image: url('{{hero_background_image}}'}}
  - {{background-image: url('{{hero_background_image}}')}}
  - {{background-image: url('{{story_first_meeting_image}}'}}
  - {{background-image: url('{{story_first_meeting_image}}')}}
  - {{background-image: url('{{story_proposal_image}}'}}
  - {{background-image: url('{{story_proposal_image}}')}}
  - {{date_date_text}}
  - {{date_time_text}}
  - {{date_title}}
  - {{date_venue_address1}}
  - {{date_venue_address2}}
  - {{date_venue_name}}
  - {{events_engagement_image}}
  - {{events_engagement_time}}
  - {{events_engagement_title}}
  - {{events_title}}
  - {{events_traditional_image}}
  - {{events_traditional_time}}
  - {{events_traditional_title}}
  - {{events_wedding_image}}
  - {{events_wedding_time}}
  - {{events_wedding_title}}
  - {{footer_copyright}}
  - {{footer_facebook_link}}
  - {{footer_instagram_link}}
  - {{footer_signature}}
  - {{footer_twitter_link}}
  - {{gallery_caption1}}
  - {{gallery_caption2}}
  - {{gallery_caption3}}
  - {{gallery_caption4}}
  - {{gallery_image1}}
  - {{gallery_image2}}
  - {{gallery_image3}}
  - {{gallery_image4}}
  - {{gallery_title}}
  - {{hero_background_image}}
  - {{hero_subtitle}}
  - {{hero_title}}
  - {{hero_wedding_date}}
  - {{map_directions_link}}
  - {{map_map_embed}}
  - {{map_title}}
  - {{map_venue_address}}
  - {{map_venue_name}}
  - {{rsvp_background_image}}
  - {{rsvp_title}}
  - {{story_first_meeting_image}}
  - {{story_first_meeting_text}}
  - {{story_first_meeting_title}}
  - {{story_proposal_image}}
  - {{story_proposal_text}}
  - {{story_proposal_title}}
  - {{story_title}}
[2025-03-19 00:29:45] 13 of 54 replacements made.
Missing placeholders:
  - {{background-image: url('{{hero_background_image}}'}}
  - {{background-image: url('{{hero_background_image}}')}}
  - {{background-image: url('{{story_first_meeting_image}}'}}
  - {{background-image: url('{{story_first_meeting_image}}')}}
  - {{background-image: url('{{story_proposal_image}}'}}
  - {{background-image: url('{{story_proposal_image}}')}}
  - {{date_date_text}}
  - {{date_time_text}}
  - {{date_title}}
  - {{date_venue_address1}}
  - {{date_venue_address2}}
  - {{date_venue_name}}
  - {{events_engagement_image}}
  - {{events_engagement_time}}
  - {{events_engagement_title}}
  - {{events_title}}
  - {{events_traditional_image}}
  - {{events_traditional_time}}
  - {{events_traditional_title}}
  - {{events_wedding_image}}
  - {{events_wedding_time}}
  - {{events_wedding_title}}
  - {{footer_copyright}}
  - {{footer_facebook_link}}
  - {{footer_instagram_link}}
  - {{footer_signature}}
  - {{footer_twitter_link}}
  - {{gallery_caption1}}
  - {{gallery_caption2}}
  - {{gallery_caption3}}
  - {{gallery_caption4}}
  - {{gallery_image1}}
  - {{gallery_image2}}
  - {{gallery_image3}}
  - {{gallery_image4}}
  - {{gallery_title}}
  - {{hero_background_image}}
  - {{hero_subtitle}}
  - {{hero_title}}
  - {{hero_wedding_date}}
  - {{map_directions_link}}
  - {{map_map_embed}}
  - {{map_title}}
  - {{map_venue_address}}
  - {{map_venue_name}}
  - {{rsvp_background_image}}
  - {{rsvp_title}}
  - {{story_first_meeting_image}}
  - {{story_first_meeting_text}}
  - {{story_first_meeting_title}}
  - {{story_proposal_image}}
  - {{story_proposal_text}}
  - {{story_proposal_title}}
  - {{story_title}}
[2025-03-19 00:29:58] 13 of 54 replacements made.
Missing placeholders:
  - {{background-image: url('{{hero_background_image}}'}}
  - {{background-image: url('{{hero_background_image}}')}}
  - {{background-image: url('{{story_first_meeting_image}}'}}
  - {{background-image: url('{{story_first_meeting_image}}')}}
  - {{background-image: url('{{story_proposal_image}}'}}
  - {{background-image: url('{{story_proposal_image}}')}}
  - {{date_date_text}}
  - {{date_time_text}}
  - {{date_title}}
  - {{date_venue_address1}}
  - {{date_venue_address2}}
  - {{date_venue_name}}
  - {{events_engagement_image}}
  - {{events_engagement_time}}
  - {{events_engagement_title}}
  - {{events_title}}
  - {{events_traditional_image}}
  - {{events_traditional_time}}
  - {{events_traditional_title}}
  - {{events_wedding_image}}
  - {{events_wedding_time}}
  - {{events_wedding_title}}
  - {{footer_copyright}}
  - {{footer_facebook_link}}
  - {{footer_instagram_link}}
  - {{footer_signature}}
  - {{footer_twitter_link}}
  - {{gallery_caption1}}
  - {{gallery_caption2}}
  - {{gallery_caption3}}
  - {{gallery_caption4}}
  - {{gallery_image1}}
  - {{gallery_image2}}
  - {{gallery_image3}}
  - {{gallery_image4}}
  - {{gallery_title}}
  - {{hero_background_image}}
  - {{hero_subtitle}}
  - {{hero_title}}
  - {{hero_wedding_date}}
  - {{map_directions_link}}
  - {{map_map_embed}}
  - {{map_title}}
  - {{map_venue_address}}
  - {{map_venue_name}}
  - {{rsvp_background_image}}
  - {{rsvp_title}}
  - {{story_first_meeting_image}}
  - {{story_first_meeting_text}}
  - {{story_first_meeting_title}}
  - {{story_proposal_image}}
  - {{story_proposal_text}}
  - {{story_proposal_title}}
  - {{story_title}}
[2025-03-19 00:30:09] 13 of 54 replacements made.
Missing placeholders:
  - {{background-image: url('{{hero_background_image}}'}}
  - {{background-image: url('{{hero_background_image}}')}}
  - {{background-image: url('{{story_first_meeting_image}}'}}
  - {{background-image: url('{{story_first_meeting_image}}')}}
  - {{background-image: url('{{story_proposal_image}}'}}
  - {{background-image: url('{{story_proposal_image}}')}}
  - {{date_date_text}}
  - {{date_time_text}}
  - {{date_title}}
  - {{date_venue_address1}}
  - {{date_venue_address2}}
  - {{date_venue_name}}
  - {{events_engagement_image}}
  - {{events_engagement_time}}
  - {{events_engagement_title}}
  - {{events_title}}
  - {{events_traditional_image}}
  - {{events_traditional_time}}
  - {{events_traditional_title}}
  - {{events_wedding_image}}
  - {{events_wedding_time}}
  - {{events_wedding_title}}
  - {{footer_copyright}}
  - {{footer_facebook_link}}
  - {{footer_instagram_link}}
  - {{footer_signature}}
  - {{footer_twitter_link}}
  - {{gallery_caption1}}
  - {{gallery_caption2}}
  - {{gallery_caption3}}
  - {{gallery_caption4}}
  - {{gallery_image1}}
  - {{gallery_image2}}
  - {{gallery_image3}}
  - {{gallery_image4}}
  - {{gallery_title}}
  - {{hero_background_image}}
  - {{hero_subtitle}}
  - {{hero_title}}
  - {{hero_wedding_date}}
  - {{map_directions_link}}
  - {{map_map_embed}}
  - {{map_title}}
  - {{map_venue_address}}
  - {{map_venue_name}}
  - {{rsvp_background_image}}
  - {{rsvp_title}}
  - {{story_first_meeting_image}}
  - {{story_first_meeting_text}}
  - {{story_first_meeting_title}}
  - {{story_proposal_image}}
  - {{story_proposal_text}}
  - {{story_proposal_title}}
  - {{story_title}}
[2025-03-19 00:30:22] 13 of 54 replacements made.
Missing placeholders:
  - {{background-image: url('{{hero_background_image}}'}}
  - {{background-image: url('{{hero_background_image}}')}}
  - {{background-image: url('{{story_first_meeting_image}}'}}
  - {{background-image: url('{{story_first_meeting_image}}')}}
  - {{background-image: url('{{story_proposal_image}}'}}
  - {{background-image: url('{{story_proposal_image}}')}}
  - {{date_date_text}}
  - {{date_time_text}}
  - {{date_title}}
  - {{date_venue_address1}}
  - {{date_venue_address2}}
  - {{date_venue_name}}
  - {{events_engagement_image}}
  - {{events_engagement_time}}
  - {{events_engagement_title}}
  - {{events_title}}
  - {{events_traditional_image}}
  - {{events_traditional_time}}
  - {{events_traditional_title}}
  - {{events_wedding_image}}
  - {{events_wedding_time}}
  - {{events_wedding_title}}
  - {{footer_copyright}}
  - {{footer_facebook_link}}
  - {{footer_instagram_link}}
  - {{footer_signature}}
  - {{footer_twitter_link}}
  - {{gallery_caption1}}
  - {{gallery_caption2}}
  - {{gallery_caption3}}
  - {{gallery_caption4}}
  - {{gallery_image1}}
  - {{gallery_image2}}
  - {{gallery_image3}}
  - {{gallery_image4}}
  - {{gallery_title}}
  - {{hero_background_image}}
  - {{hero_subtitle}}
  - {{hero_title}}
  - {{hero_wedding_date}}
  - {{map_directions_link}}
  - {{map_map_embed}}
  - {{map_title}}
  - {{map_venue_address}}
  - {{map_venue_name}}
  - {{rsvp_background_image}}
  - {{rsvp_title}}
  - {{story_first_meeting_image}}
  - {{story_first_meeting_text}}
  - {{story_first_meeting_title}}
  - {{story_proposal_image}}
  - {{story_proposal_text}}
  - {{story_proposal_title}}
  - {{story_title}}
